<?xml version="1.0" encoding="UTF-8"?>
<testsuite xmlns:xsi="http://www.w3.org/2001/XMLSchema-instance" xsi:noNamespaceSchemaLocation="https://maven.apache.org/surefire/maven-surefire-plugin/xsd/surefire-test-report.xsd" name="TriangleTest" time="0.092" tests="7" errors="0" skipped="0" failures="0">
  <properties>
[...]
</properties>
  <testcase name="testMain" classname="TriangleTest" time="0.005"/>
  <testcase name="typeTest1" classname="TriangleTest" time="0.002"/>
  <testcase name="typeTest2" classname="TriangleTest" time="0"/>
  <testcase name="typeTest3" classname="TriangleTest" time="0"/>
  <testcase name="typeTest4" classname="TriangleTest" time="0"/>
  <testcase name="typeTest5" classname="TriangleTest" time="0"/>
  <testcase name="typeTest6" classname="TriangleTest" time="0"/>
</testsuite>